INFO:sim:172 - Generating IP...
Applying current project options...
Finished applying current project options.
WARNING:sim - A core named 'testram' already exists in the project. Output
   products for this core may be overwritten.
Resolving generics for 'testram'...
WARNING:sim - A core named 'testram' already exists in the project. Output
   products for this core may be overwritten.
Applying external generics to 'testram'...
Delivering associated files for 'testram'...
Delivering EJava files for 'testram'...
Generating implementation netlist for 'testram'...
INFO:sim - Pre-processing HDL files for 'testram'...
Running synthesis for 'testram'
Running ngcbuild...
Writing VHO instantiation template for 'testram'...
Writing VHDL behavioral simulation model for 'testram'...
WARNING:sim - Overwriting existing file
   /home/mandl/Entwicklung/Papilio-Arcade/A2601/A2601/build/ipcore_dir/tmp/_cg/t
   estram/doc/blk_mem_gen_v7_3_vinfo.html with file from view
   xilinx_documentation
Delivered 1 file into directory
/home/mandl/Entwicklung/Papilio-Arcade/A2601/A2601/build/ipcore_dir/tmp/_cg/test
ram
Generating ASY schematic symbol...
INFO:sim:949 - Finished generation of ASY schematic symbol.
Generating SYM schematic symbol for 'testram'...
Generating metadata file...
Regenerating ISE project file for 'testram'...
Generating ISE project...
XCO file found: testram.xco
XMDF file found: testram_xmdf.tcl
Adding
/home/mandl/Entwicklung/Papilio-Arcade/A2601/A2601/build/ipcore_dir/tmp/_cg/test
ram.asy -view all -origin_type imported
Adding
/home/mandl/Entwicklung/Papilio-Arcade/A2601/A2601/build/ipcore_dir/tmp/_cg/test
ram.ngc -view all -origin_type created
Checking file
"/home/mandl/Entwicklung/Papilio-Arcade/A2601/A2601/build/ipcore_dir/tmp/_cg/tes
tram.ngc" for project device match ...
File
"/home/mandl/Entwicklung/Papilio-Arcade/A2601/A2601/build/ipcore_dir/tmp/_cg/tes
tram.ngc" device information matches project device.
Adding
/home/mandl/Entwicklung/Papilio-Arcade/A2601/A2601/build/ipcore_dir/tmp/_cg/test
ram.sym -view all -origin_type imported
Adding
/home/mandl/Entwicklung/Papilio-Arcade/A2601/A2601/build/ipcore_dir/tmp/_cg/test
ram.vhd -view all -origin_type created
INFO:HDLCompiler:1061 - Parsing VHDL file
   "/home/mandl/Entwicklung/Papilio-Arcade/A2601/A2601/build/ipcore_dir/tmp/_cg/
   testram.vhd" into library work
INFO:ProjectMgmt - Parsing design hierarchy completed successfully.
Adding
/home/mandl/Entwicklung/Papilio-Arcade/A2601/A2601/build/ipcore_dir/tmp/_cg/test
ram.vho -view all -origin_type imported
INFO:TclTasksC:2116 - The automatic calculation of top has been turned-off.
   Please set the new top explicitly by running the "project set top" command.
   To re-calculate the new top automatically, set the "Auto Implementation Top"
   property to true.
Top level has been set to "/testram"
Generating README file...
Generating FLIST file...
INFO:sim:948 - Finished FLIST file generation.
Launching README viewer...
Moving files to output directory...
Finished moving files to output directory
Wrote CGP file for project 'testram'.
